<?xml version="1.0" encoding="UTF-8"?>
<!-- Generated by org.testng.reporters.JUnitReportReporter -->
<testsuite skipped="0" hostname="DESKTOP-86H04BI" name="Test.BaseTest" tests="1" failures="0" timestamp="2020-05-21T20:18:40 IDT" time="0.030" errors="0">
  <testcase name="trys" time="0.030" classname="Test.BaseTest"/>
  <system-out/>
</testsuite> <!-- Test.BaseTest -->
