<?xml version="1.0" encoding="UTF-8"?>
<!-- Generated by org.testng.reporters.JUnitReportReporter -->
<testsuite skipped="0" hostname="DESKTOP-86H04BI" name="Test.BaseTest" tests="1" failures="0" timestamp="2020-06-01T12:30:50 IDT" time="0.366" errors="0">
  <testcase name="trys" time="0.366" classname="Test.BaseTest"/>
  <system-out/>
</testsuite> <!-- Test.BaseTest -->
